
-----
Test: tests/test_method_cookie_ex11.py::TestMethodCookieEx11::test_method_cookie_ex11 (call)
Time: 2025-01-14 22:49:14.331225
Request method: GET
Request URL: https://playground.learnqa.ru/api/homework_cookie
Request data: None
Request headers: {}
Request cookies: {}

Response code: 200
Response text: 
Response headers: {'Date': 'Tue, 14 Jan 2025 19:49:14 GMT', 'Content-Type': 'text/html; charset=utf-8', 'Content-Length': '0', 'Connection': 'keep-alive', 'Keep-Alive': 'timeout=10', 'Server': 'Apache', 'Set-Cookie': 'HomeWork=hw_value; expires=Fri, 14-Feb-2025 19:49:14 GMT; Max-Age=2678400; path=/; domain=playground.learnqa.ru; HttpOnly', 'Cache-Control': 'max-age=0', 'Expires': 'Tue, 14 Jan 2025 19:49:14 GMT'}
Response cookies: {'HomeWork': 'hw_value'}

-----

-----
Test: tests/test_method_headers_ex12.py::TestMethodHeadersEx12::test_method_headers_ex12 (call)
Time: 2025-01-14 22:49:14.392599
Request method: GET
Request URL: https://playground.learnqa.ru/api/homework_header
Request data: None
Request headers: {}
Request cookies: {}

Response code: 200
Response text: {"success":"!"}
Response headers: {'Date': 'Tue, 14 Jan 2025 19:49:14 GMT', 'Content-Type': 'application/json', 'Content-Length': '15', 'Connection': 'keep-alive', 'Keep-Alive': 'timeout=10', 'Server': 'Apache', 'x-secret-homework-header': 'Some secret value', 'Cache-Control': 'max-age=0', 'Expires': 'Tue, 14 Jan 2025 19:49:14 GMT'}
Response cookies: {}

-----

-----
Test: tests/test_user_agent_ex13.py::TestUserAgent::test_user_agent_ex13[user_agent0] (call)
Time: 2025-01-14 22:49:14.505616
Request method: GET
Request URL: https://playground.learnqa.ru/api/user_agent_check
Request data: None
Request headers: {'User-Agent': 'Mozilla/5.0 (Linux; U; Android 4.0.2; en-us; Galaxy Nexus Build/ICL53F) AppleWebKit/534.30 (KHTML, like Gecko) Version/4.0 Mobile Safari/534.30'}
Request cookies: {}

Response code: 200
Response text: {"user_agent":"Mozilla\/5.0 (Linux; U; Android 4.0.2; en-us; Galaxy Nexus Build\/ICL53F) AppleWebKit\/534.30 (KHTML, like Gecko) Version\/4.0 Mobile Safari\/534.30","platform":"Mobile","browser":"No","device":"Android"}
Response headers: {'Date': 'Tue, 14 Jan 2025 19:49:14 GMT', 'Content-Type': 'application/json', 'Transfer-Encoding': 'chunked', 'Connection': 'keep-alive', 'Keep-Alive': 'timeout=10', 'Vary': 'Accept-Encoding', 'Server': 'Apache', 'Cache-Control': 'max-age=0', 'Expires': 'Tue, 14 Jan 2025 19:49:14 GMT', 'Content-Encoding': 'gzip'}
Response cookies: {}

-----

-----
Test: tests/test_user_agent_ex13.py::TestUserAgent::test_user_agent_ex13[user_agent1] (call)
Time: 2025-01-14 22:49:14.531831
Request method: GET
Request URL: https://playground.learnqa.ru/api/user_agent_check
Request data: None
Request headers: {'User-Agent': 'Mozilla/5.0 (iPad; CPU OS 13_2 like Mac OS X) AppleWebKit/605.1.15 (KHTML, like Gecko) CriOS/91.0.4472.77 Mobile/15E148 Safari/604.1'}
Request cookies: {}

Response code: 200
Response text: {"user_agent":"Mozilla\/5.0 (iPad; CPU OS 13_2 like Mac OS X) AppleWebKit\/605.1.15 (KHTML, like Gecko) CriOS\/91.0.4472.77 Mobile\/15E148 Safari\/604.1","platform":"Mobile","browser":"No","device":"iOS"}
Response headers: {'Date': 'Tue, 14 Jan 2025 19:49:14 GMT', 'Content-Type': 'application/json', 'Transfer-Encoding': 'chunked', 'Connection': 'keep-alive', 'Keep-Alive': 'timeout=10', 'Vary': 'Accept-Encoding', 'Server': 'Apache', 'Cache-Control': 'max-age=0', 'Expires': 'Tue, 14 Jan 2025 19:49:14 GMT', 'Content-Encoding': 'gzip'}
Response cookies: {}

-----

-----
Test: tests/test_user_agent_ex13.py::TestUserAgent::test_user_agent_ex13[user_agent2] (call)
Time: 2025-01-14 22:49:14.560275
Request method: GET
Request URL: https://playground.learnqa.ru/api/user_agent_check
Request data: None
Request headers: {'User-Agent': 'Mozilla/5.0 (compatible; Googlebot/2.1; +http://www.google.com/bot.html)'}
Request cookies: {}

Response code: 200
Response text: {"user_agent":"Mozilla\/5.0 (compatible; Googlebot\/2.1; +http:\/\/www.google.com\/bot.html)","platform":"Unknown","browser":"Unknown","device":"Unknown"}
Response headers: {'Date': 'Tue, 14 Jan 2025 19:49:14 GMT', 'Content-Type': 'application/json', 'Transfer-Encoding': 'chunked', 'Connection': 'keep-alive', 'Keep-Alive': 'timeout=10', 'Vary': 'Accept-Encoding', 'Server': 'Apache', 'Cache-Control': 'max-age=0', 'Expires': 'Tue, 14 Jan 2025 19:49:14 GMT', 'Content-Encoding': 'gzip'}
Response cookies: {}

-----

-----
Test: tests/test_user_agent_ex13.py::TestUserAgent::test_user_agent_ex13[user_agent3] (call)
Time: 2025-01-14 22:49:14.597167
Request method: GET
Request URL: https://playground.learnqa.ru/api/user_agent_check
Request data: None
Request headers: {'User-Agent': 'Mozilla/5.0 (Windows NT 10.0; Win64; x64) AppleWebKit/537.36 (KHTML, like Gecko) Chrome/91.0.4472.77 Safari/537.36 Edg/91.0.100.0'}
Request cookies: {}

Response code: 200
Response text: {"user_agent":"Mozilla\/5.0 (Windows NT 10.0; Win64; x64) AppleWebKit\/537.36 (KHTML, like Gecko) Chrome\/91.0.4472.77 Safari\/537.36 Edg\/91.0.100.0","platform":"Web","browser":"Chrome","device":"No"}
Response headers: {'Date': 'Tue, 14 Jan 2025 19:49:14 GMT', 'Content-Type': 'application/json', 'Transfer-Encoding': 'chunked', 'Connection': 'keep-alive', 'Keep-Alive': 'timeout=10', 'Vary': 'Accept-Encoding', 'Server': 'Apache', 'Cache-Control': 'max-age=0', 'Expires': 'Tue, 14 Jan 2025 19:49:14 GMT', 'Content-Encoding': 'gzip'}
Response cookies: {}

-----

-----
Test: tests/test_user_agent_ex13.py::TestUserAgent::test_user_agent_ex13[user_agent4] (call)
Time: 2025-01-14 22:49:14.623004
Request method: GET
Request URL: https://playground.learnqa.ru/api/user_agent_check
Request data: None
Request headers: {'User-Agent': 'Mozilla/5.0 (iPad; CPU iPhone OS 13_2_3 like Mac OS X) AppleWebKit/605.1.15 (KHTML, like Gecko) Version/13.0.3 Mobile/15E148 Safari/604.1'}
Request cookies: {}

Response code: 200
Response text: {"user_agent":"Mozilla\/5.0 (iPad; CPU iPhone OS 13_2_3 like Mac OS X) AppleWebKit\/605.1.15 (KHTML, like Gecko) Version\/13.0.3 Mobile\/15E148 Safari\/604.1","platform":"Mobile","browser":"No","device":"Unknown"}
Response headers: {'Date': 'Tue, 14 Jan 2025 19:49:14 GMT', 'Content-Type': 'application/json', 'Transfer-Encoding': 'chunked', 'Connection': 'keep-alive', 'Keep-Alive': 'timeout=10', 'Vary': 'Accept-Encoding', 'Server': 'Apache', 'Cache-Control': 'max-age=0', 'Expires': 'Tue, 14 Jan 2025 19:49:14 GMT', 'Content-Encoding': 'gzip'}
Response cookies: {}

-----

-----
Test: tests/test_user_auth.py::TestUserAuth::test_auth_user (setup)
Time: 2025-01-14 22:49:14.652171
Request method: POST
Request URL: https://playground.learnqa.ru/api/user/login
Request data: {'email': 'vinkotov@example.com', 'password': '1234'}
Request headers: {}
Request cookies: {}

Response code: 200
Response text: {"user_id":2}
Response headers: {'Date': 'Tue, 14 Jan 2025 19:49:14 GMT', 'Content-Type': 'application/json', 'Content-Length': '13', 'Connection': 'keep-alive', 'Keep-Alive': 'timeout=10', 'Server': 'Apache', 'Set-Cookie': 'auth_sid=40d388fff6433dcd1cfd500a01c8e6ee02e94918f1549272bcf2cafc2634fd9d', 'x-csrf-token': '6ee4083614663ee7b6f44857bb18d4c7061a9fd102e94918f1549272bcf2cafc2634fd9d', 'Cache-Control': 'max-age=0', 'Expires': 'Tue, 14 Jan 2025 19:49:14 GMT'}
Response cookies: {'auth_sid': '40d388fff6433dcd1cfd500a01c8e6ee02e94918f1549272bcf2cafc2634fd9d'}

-----

-----
Test: tests/test_user_auth.py::TestUserAuth::test_auth_user (call)
Time: 2025-01-14 22:49:14.688950
Request method: GET
Request URL: https://playground.learnqa.ru/api/user/auth
Request data: None
Request headers: {'x-csrf-token': '6ee4083614663ee7b6f44857bb18d4c7061a9fd102e94918f1549272bcf2cafc2634fd9d'}
Request cookies: {'auth_sid': '40d388fff6433dcd1cfd500a01c8e6ee02e94918f1549272bcf2cafc2634fd9d'}

Response code: 200
Response text: {"user_id":2}
Response headers: {'Date': 'Tue, 14 Jan 2025 19:49:14 GMT', 'Content-Type': 'application/json', 'Content-Length': '13', 'Connection': 'keep-alive', 'Keep-Alive': 'timeout=10', 'Server': 'Apache', 'Cache-Control': 'max-age=0', 'Expires': 'Tue, 14 Jan 2025 19:49:14 GMT'}
Response cookies: {}

-----

-----
Test: tests/test_user_auth.py::TestUserAuth::test_negative_auth_check[no_cookie] (setup)
Time: 2025-01-14 22:49:14.894207
Request method: POST
Request URL: https://playground.learnqa.ru/api/user/login
Request data: {'email': 'vinkotov@example.com', 'password': '1234'}
Request headers: {}
Request cookies: {}

Response code: 200
Response text: {"user_id":2}
Response headers: {'Date': 'Tue, 14 Jan 2025 19:49:14 GMT', 'Content-Type': 'application/json', 'Content-Length': '13', 'Connection': 'keep-alive', 'Keep-Alive': 'timeout=10', 'Server': 'Apache', 'Set-Cookie': 'auth_sid=909e962b463d0bc1867ed79c99beb1fd02e94918f1549272bcf2cafc2634fd9d', 'x-csrf-token': 'bb313eea014aa8b8ead34497307e537960ff548e02e94918f1549272bcf2cafc2634fd9d', 'Cache-Control': 'max-age=0', 'Expires': 'Tue, 14 Jan 2025 19:49:14 GMT'}
Response cookies: {'auth_sid': '909e962b463d0bc1867ed79c99beb1fd02e94918f1549272bcf2cafc2634fd9d'}

-----

-----
Test: tests/test_user_auth.py::TestUserAuth::test_negative_auth_check[no_cookie] (call)
Time: 2025-01-14 22:49:14.922310
Request method: GET
Request URL: https://playground.learnqa.ru/api/user/auth
Request data: None
Request headers: {'x-csrf-token': 'bb313eea014aa8b8ead34497307e537960ff548e02e94918f1549272bcf2cafc2634fd9d'}
Request cookies: {}

Response code: 200
Response text: {"user_id":0}
Response headers: {'Date': 'Tue, 14 Jan 2025 19:49:14 GMT', 'Content-Type': 'application/json', 'Content-Length': '13', 'Connection': 'keep-alive', 'Keep-Alive': 'timeout=10', 'Server': 'Apache', 'Cache-Control': 'max-age=0', 'Expires': 'Tue, 14 Jan 2025 19:49:14 GMT'}
Response cookies: {}

-----

-----
Test: tests/test_user_auth.py::TestUserAuth::test_negative_auth_check[no_token] (setup)
Time: 2025-01-14 22:49:15.098658
Request method: POST
Request URL: https://playground.learnqa.ru/api/user/login
Request data: {'email': 'vinkotov@example.com', 'password': '1234'}
Request headers: {}
Request cookies: {}

Response code: 200
Response text: {"user_id":2}
Response headers: {'Date': 'Tue, 14 Jan 2025 19:49:14 GMT', 'Content-Type': 'application/json', 'Content-Length': '13', 'Connection': 'keep-alive', 'Keep-Alive': 'timeout=10', 'Server': 'Apache', 'Set-Cookie': 'auth_sid=cd7daa065365d626f3b672289550072702e94918f1549272bcf2cafc2634fd9d', 'x-csrf-token': 'bb313eea014aa8b8ead34497307e537960ff548e02e94918f1549272bcf2cafc2634fd9d', 'Cache-Control': 'max-age=0', 'Expires': 'Tue, 14 Jan 2025 19:49:14 GMT'}
Response cookies: {'auth_sid': 'cd7daa065365d626f3b672289550072702e94918f1549272bcf2cafc2634fd9d'}

-----

-----
Test: tests/test_user_auth.py::TestUserAuth::test_negative_auth_check[no_token] (call)
Time: 2025-01-14 22:49:15.131570
Request method: GET
Request URL: https://playground.learnqa.ru/api/user/auth
Request data: None
Request headers: {}
Request cookies: {'auth_sid': 'cd7daa065365d626f3b672289550072702e94918f1549272bcf2cafc2634fd9d'}

Response code: 200
Response text: {"user_id":0}
Response headers: {'Date': 'Tue, 14 Jan 2025 19:49:15 GMT', 'Content-Type': 'application/json', 'Content-Length': '13', 'Connection': 'keep-alive', 'Keep-Alive': 'timeout=10', 'Server': 'Apache', 'Cache-Control': 'max-age=0', 'Expires': 'Tue, 14 Jan 2025 19:49:15 GMT'}
Response cookies: {}

-----

-----
Test: tests/test_user_delete.py::TestUserDelete::test_user_id_2_delete_ex18 (call)
Time: 2025-01-14 22:49:15.304359
Request method: POST
Request URL: https://playground.learnqa.ru/api/user/login
Request data: {'email': 'vinkotov@example.com', 'password': '1234'}
Request headers: {}
Request cookies: {}

Response code: 200
Response text: {"user_id":2}
Response headers: {'Date': 'Tue, 14 Jan 2025 19:49:15 GMT', 'Content-Type': 'application/json', 'Content-Length': '13', 'Connection': 'keep-alive', 'Keep-Alive': 'timeout=10', 'Server': 'Apache', 'Set-Cookie': 'auth_sid=ca5f796b964c83440a399bd04bd742d602e94918f1549272bcf2cafc2634fd9d', 'x-csrf-token': 'cb6fa504951f5a12d5ba0daf282ece5a328708a502e94918f1549272bcf2cafc2634fd9d', 'Cache-Control': 'max-age=0', 'Expires': 'Tue, 14 Jan 2025 19:49:15 GMT'}
Response cookies: {'auth_sid': 'ca5f796b964c83440a399bd04bd742d602e94918f1549272bcf2cafc2634fd9d'}

-----

-----
Test: tests/test_user_delete.py::TestUserDelete::test_user_id_2_delete_ex18 (call)
Time: 2025-01-14 22:49:15.333263
Request method: DELETE
Request URL: https://playground.learnqa.ru/api/user/2
Request data: None
Request headers: {'x-csrf-token': 'cb6fa504951f5a12d5ba0daf282ece5a328708a502e94918f1549272bcf2cafc2634fd9d'}
Request cookies: {'auth_sid': 'ca5f796b964c83440a399bd04bd742d602e94918f1549272bcf2cafc2634fd9d'}

Response code: 400
Response text: {"error":"Please, do not delete test users with ID 1, 2, 3, 4 or 5."}
Response headers: {'Date': 'Tue, 14 Jan 2025 19:49:15 GMT', 'Content-Type': 'application/json', 'Content-Length': '69', 'Connection': 'keep-alive', 'Keep-Alive': 'timeout=10', 'Server': 'Apache'}
Response cookies: {}

-----

-----
Test: tests/test_user_delete.py::TestUserDelete::test_user_delete_ex18 (call)
Time: 2025-01-14 22:49:16.015310
Request method: POST
Request URL: https://playground.learnqa.ru/api/user/
Request data: {'username': 'learnqa', 'password': '123', 'firstName': 'learnqa', 'lastName': 'learnqa', 'email': 'learnqa01142025224916@example.com'}
Request headers: {}
Request cookies: {}

Response code: 200
Response text: {"id":"114918"}
Response headers: {'Date': 'Tue, 14 Jan 2025 19:49:16 GMT', 'Content-Type': 'application/json', 'Content-Length': '15', 'Connection': 'keep-alive', 'Keep-Alive': 'timeout=10', 'Server': 'Apache', 'Cache-Control': 'max-age=0', 'Expires': 'Tue, 14 Jan 2025 19:49:15 GMT'}
Response cookies: {}

-----

-----
Test: tests/test_user_delete.py::TestUserDelete::test_user_delete_ex18 (call)
Time: 2025-01-14 22:49:16.569223
Request method: POST
Request URL: https://playground.learnqa.ru/api/user/login
Request data: {'email': 'learnqa01142025224916@example.com', 'password': '123'}
Request headers: {}
Request cookies: {}

Response code: 200
Response text: {"user_id":114918}
Response headers: {'Date': 'Tue, 14 Jan 2025 19:49:16 GMT', 'Content-Type': 'application/json', 'Content-Length': '18', 'Connection': 'keep-alive', 'Keep-Alive': 'timeout=10', 'Server': 'Apache', 'Set-Cookie': 'auth_sid=637301a70b57beb563c7ec97e208a2cd560a45cba726e196c076fffa9154edac', 'x-csrf-token': 'c5332a95756f74fb72b65470d5dcd02fc30a58ef560a45cba726e196c076fffa9154edac', 'Cache-Control': 'max-age=0', 'Expires': 'Tue, 14 Jan 2025 19:49:16 GMT'}
Response cookies: {'auth_sid': '637301a70b57beb563c7ec97e208a2cd560a45cba726e196c076fffa9154edac'}

-----

-----
Test: tests/test_user_delete.py::TestUserDelete::test_user_delete_ex18 (call)
Time: 2025-01-14 22:49:16.621090
Request method: DELETE
Request URL: https://playground.learnqa.ru/api/user/114918
Request data: None
Request headers: {'x-csrf-token': 'c5332a95756f74fb72b65470d5dcd02fc30a58ef560a45cba726e196c076fffa9154edac'}
Request cookies: {'auth_sid': '637301a70b57beb563c7ec97e208a2cd560a45cba726e196c076fffa9154edac'}

Response code: 200
Response text: {"success":"!"}
Response headers: {'Date': 'Tue, 14 Jan 2025 19:49:17 GMT', 'Content-Type': 'application/json', 'Content-Length': '15', 'Connection': 'keep-alive', 'Keep-Alive': 'timeout=10', 'Server': 'Apache', 'Cache-Control': 'max-age=0', 'Expires': 'Tue, 14 Jan 2025 19:49:16 GMT'}
Response cookies: {}

-----

-----
Test: tests/test_user_delete.py::TestUserDelete::test_user_delete_ex18 (call)
Time: 2025-01-14 22:49:17.301170
Request method: GET
Request URL: https://playground.learnqa.ru/api/user/114918
Request data: None
Request headers: {}
Request cookies: {}

Response code: 404
Response text: User not found
Response headers: {'Date': 'Tue, 14 Jan 2025 19:49:17 GMT', 'Content-Type': 'text/html; charset=utf-8', 'Content-Length': '14', 'Connection': 'keep-alive', 'Keep-Alive': 'timeout=10', 'Server': 'Apache'}
Response cookies: {}

-----

-----
Test: tests/test_user_delete.py::TestUserDelete::test_user_delete_another_user_ex18 (call)
Time: 2025-01-14 22:49:17.833756
Request method: POST
Request URL: https://playground.learnqa.ru/api/user/
Request data: {'username': 'learnqa', 'password': '123', 'firstName': 'learnqa', 'lastName': 'learnqa', 'email': 'learnqa01142025224917@example.com'}
Request headers: {}
Request cookies: {}

Response code: 200
Response text: {"id":"114919"}
Response headers: {'Date': 'Tue, 14 Jan 2025 19:49:18 GMT', 'Content-Type': 'application/json', 'Content-Length': '15', 'Connection': 'keep-alive', 'Keep-Alive': 'timeout=10', 'Server': 'Apache', 'Cache-Control': 'max-age=0', 'Expires': 'Tue, 14 Jan 2025 19:49:17 GMT'}
Response cookies: {}

-----

-----
Test: tests/test_user_delete.py::TestUserDelete::test_user_delete_another_user_ex18 (call)
Time: 2025-01-14 22:49:18.420043
Request method: POST
Request URL: https://playground.learnqa.ru/api/user/
Request data: {'username': 'learnqa', 'password': '123', 'firstName': 'learnqa', 'lastName': 'learnqa', 'email': 'learnqa01142025224918@example.com'}
Request headers: {}
Request cookies: {}

Response code: 200
Response text: {"id":"114920"}
Response headers: {'Date': 'Tue, 14 Jan 2025 19:49:18 GMT', 'Content-Type': 'application/json', 'Content-Length': '15', 'Connection': 'keep-alive', 'Keep-Alive': 'timeout=10', 'Server': 'Apache', 'Cache-Control': 'max-age=0', 'Expires': 'Tue, 14 Jan 2025 19:49:18 GMT'}
Response cookies: {}

-----

-----
Test: tests/test_user_delete.py::TestUserDelete::test_user_delete_another_user_ex18 (call)
Time: 2025-01-14 22:49:18.985729
Request method: POST
Request URL: https://playground.learnqa.ru/api/user/login
Request data: {'email': 'learnqa01142025224917@example.com', 'password': '123'}
Request headers: {}
Request cookies: {}

Response code: 200
Response text: {"user_id":114919}
Response headers: {'Date': 'Tue, 14 Jan 2025 19:49:18 GMT', 'Content-Type': 'application/json', 'Content-Length': '18', 'Connection': 'keep-alive', 'Keep-Alive': 'timeout=10', 'Server': 'Apache', 'Set-Cookie': 'auth_sid=87370363b82b9196d24134095d04f1217a391bcc17f2acacd75aeee20e066207', 'x-csrf-token': '0238644634724fcd4e112e7411872db51df4d1717a391bcc17f2acacd75aeee20e066207', 'Cache-Control': 'max-age=0', 'Expires': 'Tue, 14 Jan 2025 19:49:18 GMT'}
Response cookies: {'auth_sid': '87370363b82b9196d24134095d04f1217a391bcc17f2acacd75aeee20e066207'}

-----

-----
Test: tests/test_user_delete.py::TestUserDelete::test_user_delete_another_user_ex18 (call)
Time: 2025-01-14 22:49:19.027968
Request method: DELETE
Request URL: https://playground.learnqa.ru/api/user/114920
Request data: None
Request headers: {'x-csrf-token': '0238644634724fcd4e112e7411872db51df4d1717a391bcc17f2acacd75aeee20e066207'}
Request cookies: {'auth_sid': '87370363b82b9196d24134095d04f1217a391bcc17f2acacd75aeee20e066207'}

Response code: 400
Response text: {"error":"This user can only delete their own account."}
Response headers: {'Date': 'Tue, 14 Jan 2025 19:49:19 GMT', 'Content-Type': 'application/json', 'Content-Length': '56', 'Connection': 'keep-alive', 'Keep-Alive': 'timeout=10', 'Server': 'Apache'}
Response cookies: {}

-----

-----
Test: tests/test_user_edit.py::TestUserEdit::test_edit_just_created_user (call)
Time: 2025-01-14 22:49:19.728648
Request method: POST
Request URL: https://playground.learnqa.ru/api/user/
Request data: {'username': 'learnqa', 'password': '123', 'firstName': 'learnqa', 'lastName': 'learnqa', 'email': 'learnqa01142025224919@example.com'}
Request headers: {}
Request cookies: {}

Response code: 200
Response text: {"id":"114921"}
Response headers: {'Date': 'Tue, 14 Jan 2025 19:49:20 GMT', 'Content-Type': 'application/json', 'Content-Length': '15', 'Connection': 'keep-alive', 'Keep-Alive': 'timeout=10', 'Server': 'Apache', 'Cache-Control': 'max-age=0', 'Expires': 'Tue, 14 Jan 2025 19:49:19 GMT'}
Response cookies: {}

-----

-----
Test: tests/test_user_edit.py::TestUserEdit::test_edit_just_created_user (call)
Time: 2025-01-14 22:49:20.263912
Request method: POST
Request URL: https://playground.learnqa.ru/api/user/login
Request data: {'email': 'learnqa01142025224919@example.com', 'password': '123'}
Request headers: {}
Request cookies: {}

Response code: 200
Response text: {"user_id":114921}
Response headers: {'Date': 'Tue, 14 Jan 2025 19:49:20 GMT', 'Content-Type': 'application/json', 'Content-Length': '18', 'Connection': 'keep-alive', 'Keep-Alive': 'timeout=10', 'Server': 'Apache', 'Set-Cookie': 'auth_sid=e3f871c14b0767a856a8ce3021fff99fa4baaf9d2977db13423918096e94d971', 'x-csrf-token': 'f072fbab6933fe9fecc0d61cdb6147ca6a41b0eba4baaf9d2977db13423918096e94d971', 'Cache-Control': 'max-age=0', 'Expires': 'Tue, 14 Jan 2025 19:49:20 GMT'}
Response cookies: {'auth_sid': 'e3f871c14b0767a856a8ce3021fff99fa4baaf9d2977db13423918096e94d971'}

-----

-----
Test: tests/test_user_edit.py::TestUserEdit::test_edit_just_created_user (call)
Time: 2025-01-14 22:49:20.324169
Request method: PUT
Request URL: https://playground.learnqa.ru/api/user/114921
Request data: {'firstName': 'Changed_name'}
Request headers: {'x-csrf-token': 'f072fbab6933fe9fecc0d61cdb6147ca6a41b0eba4baaf9d2977db13423918096e94d971'}
Request cookies: {'auth_sid': 'e3f871c14b0767a856a8ce3021fff99fa4baaf9d2977db13423918096e94d971'}

Response code: 200
Response text: {"success":"!"}
Response headers: {'Date': 'Tue, 14 Jan 2025 19:49:20 GMT', 'Content-Type': 'application/json', 'Content-Length': '15', 'Connection': 'keep-alive', 'Keep-Alive': 'timeout=10', 'Server': 'Apache', 'Cache-Control': 'max-age=0', 'Expires': 'Tue, 14 Jan 2025 19:49:20 GMT'}
Response cookies: {}

-----

-----
Test: tests/test_user_edit.py::TestUserEdit::test_edit_just_created_user (call)
Time: 2025-01-14 22:49:21.006978
Request method: GET
Request URL: https://playground.learnqa.ru/api/user/114921
Request data: None
Request headers: {'x-csrf-token': 'f072fbab6933fe9fecc0d61cdb6147ca6a41b0eba4baaf9d2977db13423918096e94d971'}
Request cookies: {'auth_sid': 'e3f871c14b0767a856a8ce3021fff99fa4baaf9d2977db13423918096e94d971'}

Response code: 200
Response text: {"id":"114921","username":"learnqa","email":"learnqa01142025224919@example.com","firstName":"Changed_name","lastName":"learnqa"}
Response headers: {'Date': 'Tue, 14 Jan 2025 19:49:21 GMT', 'Content-Type': 'application/json', 'Transfer-Encoding': 'chunked', 'Connection': 'keep-alive', 'Keep-Alive': 'timeout=10', 'Vary': 'Accept-Encoding', 'Server': 'Apache', 'Cache-Control': 'max-age=0', 'Expires': 'Tue, 14 Jan 2025 19:49:20 GMT', 'Content-Encoding': 'gzip'}
Response cookies: {}

-----

-----
Test: tests/test_user_edit.py::TestUserEdit::test_edit_no_authorized_user_ex17 (call)
Time: 2025-01-14 22:49:21.547117
Request method: POST
Request URL: https://playground.learnqa.ru/api/user/
Request data: {'username': 'learnqa', 'password': '123', 'firstName': 'learnqa', 'lastName': 'learnqa', 'email': 'learnqa01142025224921@example.com'}
Request headers: {}
Request cookies: {}

Response code: 200
Response text: {"id":"114922"}
Response headers: {'Date': 'Tue, 14 Jan 2025 19:49:21 GMT', 'Content-Type': 'application/json', 'Content-Length': '15', 'Connection': 'keep-alive', 'Keep-Alive': 'timeout=10', 'Server': 'Apache', 'Cache-Control': 'max-age=0', 'Expires': 'Tue, 14 Jan 2025 19:49:21 GMT'}
Response cookies: {}

-----

-----
Test: tests/test_user_edit.py::TestUserEdit::test_edit_no_authorized_user_ex17 (call)
Time: 2025-01-14 22:49:22.084581
Request method: PUT
Request URL: https://playground.learnqa.ru/api/user/114922
Request data: {'firstName': 'Changed_name'}
Request headers: {}
Request cookies: {}

Response code: 400
Response text: {"error":"Auth token not supplied"}
Response headers: {'Date': 'Tue, 14 Jan 2025 19:49:22 GMT', 'Content-Type': 'application/json', 'Content-Length': '35', 'Connection': 'keep-alive', 'Keep-Alive': 'timeout=10', 'Server': 'Apache'}
Response cookies: {}

-----

-----
Test: tests/test_user_edit.py::TestUserEdit::test_edit_by_another_user_authorized_ex17 (call)
Time: 2025-01-14 22:49:22.758809
Request method: POST
Request URL: https://playground.learnqa.ru/api/user/
Request data: {'username': 'learnqa', 'password': '123', 'firstName': 'learnqa', 'lastName': 'learnqa', 'email': 'learnqa01142025224922@example.com'}
Request headers: {}
Request cookies: {}

Response code: 200
Response text: {"id":"114923"}
Response headers: {'Date': 'Tue, 14 Jan 2025 19:49:23 GMT', 'Content-Type': 'application/json', 'Content-Length': '15', 'Connection': 'keep-alive', 'Keep-Alive': 'timeout=10', 'Server': 'Apache', 'Cache-Control': 'max-age=0', 'Expires': 'Tue, 14 Jan 2025 19:49:22 GMT'}
Response cookies: {}

-----

-----
Test: tests/test_user_edit.py::TestUserEdit::test_edit_by_another_user_authorized_ex17 (call)
Time: 2025-01-14 22:49:23.318096
Request method: POST
Request URL: https://playground.learnqa.ru/api/user/
Request data: {'username': 'learnqa', 'password': '123', 'firstName': 'learnqa', 'lastName': 'learnqa', 'email': 'learnqa01142025224923@example.com'}
Request headers: {}
Request cookies: {}

Response code: 200
Response text: {"id":"114924"}
Response headers: {'Date': 'Tue, 14 Jan 2025 19:49:23 GMT', 'Content-Type': 'application/json', 'Content-Length': '15', 'Connection': 'keep-alive', 'Keep-Alive': 'timeout=10', 'Server': 'Apache', 'Cache-Control': 'max-age=0', 'Expires': 'Tue, 14 Jan 2025 19:49:23 GMT'}
Response cookies: {}

-----

-----
Test: tests/test_user_edit.py::TestUserEdit::test_edit_by_another_user_authorized_ex17 (call)
Time: 2025-01-14 22:49:23.860129
Request method: POST
Request URL: https://playground.learnqa.ru/api/user/login
Request data: {'email': 'learnqa01142025224922@example.com', 'password': '123'}
Request headers: {}
Request cookies: {}

Response code: 200
Response text: {"user_id":114923}
Response headers: {'Date': 'Tue, 14 Jan 2025 19:49:23 GMT', 'Content-Type': 'application/json', 'Content-Length': '18', 'Connection': 'keep-alive', 'Keep-Alive': 'timeout=10', 'Server': 'Apache', 'Set-Cookie': 'auth_sid=1ad9cc3e62aac4aae2f22dde296ae995ba27371028afa8adc3b2cd9b755007c4', 'x-csrf-token': 'a044d3dc2d8cf39c113f612de54f9db1b7d86f38ba27371028afa8adc3b2cd9b755007c4', 'Cache-Control': 'max-age=0', 'Expires': 'Tue, 14 Jan 2025 19:49:23 GMT'}
Response cookies: {'auth_sid': '1ad9cc3e62aac4aae2f22dde296ae995ba27371028afa8adc3b2cd9b755007c4'}

-----

-----
Test: tests/test_user_edit.py::TestUserEdit::test_edit_by_another_user_authorized_ex17 (call)
Time: 2025-01-14 22:49:23.901560
Request method: PUT
Request URL: https://playground.learnqa.ru/api/user/114924
Request data: {'firstName': 'Changed_name'}
Request headers: {'x-csrf-token': 'a044d3dc2d8cf39c113f612de54f9db1b7d86f38ba27371028afa8adc3b2cd9b755007c4'}
Request cookies: {'auth_sid': '1ad9cc3e62aac4aae2f22dde296ae995ba27371028afa8adc3b2cd9b755007c4'}

Response code: 400
Response text: {"error":"This user can only edit their own data."}
Response headers: {'Date': 'Tue, 14 Jan 2025 19:49:24 GMT', 'Content-Type': 'application/json', 'Content-Length': '51', 'Connection': 'keep-alive', 'Keep-Alive': 'timeout=10', 'Server': 'Apache'}
Response cookies: {}

-----

-----
Test: tests/test_user_edit.py::TestUserEdit::test_edit_email_just_created_user_ex17 (call)
Time: 2025-01-14 22:49:24.598054
Request method: POST
Request URL: https://playground.learnqa.ru/api/user/
Request data: {'username': 'learnqa', 'password': '123', 'firstName': 'learnqa', 'lastName': 'learnqa', 'email': 'learnqa01142025224924@example.com'}
Request headers: {}
Request cookies: {}

Response code: 200
Response text: {"id":"114925"}
Response headers: {'Date': 'Tue, 14 Jan 2025 19:49:24 GMT', 'Content-Type': 'application/json', 'Content-Length': '15', 'Connection': 'keep-alive', 'Keep-Alive': 'timeout=10', 'Server': 'Apache', 'Cache-Control': 'max-age=0', 'Expires': 'Tue, 14 Jan 2025 19:49:24 GMT'}
Response cookies: {}

-----

-----
Test: tests/test_user_edit.py::TestUserEdit::test_edit_email_just_created_user_ex17 (call)
Time: 2025-01-14 22:49:25.162860
Request method: POST
Request URL: https://playground.learnqa.ru/api/user/login
Request data: {'email': 'learnqa01142025224924@example.com', 'password': '123'}
Request headers: {}
Request cookies: {}

Response code: 200
Response text: {"user_id":114925}
Response headers: {'Date': 'Tue, 14 Jan 2025 19:49:25 GMT', 'Content-Type': 'application/json', 'Content-Length': '18', 'Connection': 'keep-alive', 'Keep-Alive': 'timeout=10', 'Server': 'Apache', 'Set-Cookie': 'auth_sid=b78719b7a112e3efaa0af28cad113dfe6a8bfee216db608cf18d3c37a6c469da', 'x-csrf-token': '454eebfcfdcad4a39f935bddd856b222a3c446f26a8bfee216db608cf18d3c37a6c469da', 'Cache-Control': 'max-age=0', 'Expires': 'Tue, 14 Jan 2025 19:49:25 GMT'}
Response cookies: {'auth_sid': 'b78719b7a112e3efaa0af28cad113dfe6a8bfee216db608cf18d3c37a6c469da'}

-----

-----
Test: tests/test_user_edit.py::TestUserEdit::test_edit_email_just_created_user_ex17 (call)
Time: 2025-01-14 22:49:25.263311
Request method: PUT
Request URL: https://playground.learnqa.ru/api/user/114925
Request data: {'email': 'vsumbaev-example.com'}
Request headers: {'x-csrf-token': '454eebfcfdcad4a39f935bddd856b222a3c446f26a8bfee216db608cf18d3c37a6c469da'}
Request cookies: {'auth_sid': 'b78719b7a112e3efaa0af28cad113dfe6a8bfee216db608cf18d3c37a6c469da'}

Response code: 400
Response text: {"error":"Invalid email format"}
Response headers: {'Date': 'Tue, 14 Jan 2025 19:49:25 GMT', 'Content-Type': 'application/json', 'Content-Length': '32', 'Connection': 'keep-alive', 'Keep-Alive': 'timeout=10', 'Server': 'Apache'}
Response cookies: {}

-----

-----
Test: tests/test_user_edit.py::TestUserEdit::test_edit_short_fisrt_name_just_created_user_ex17 (call)
Time: 2025-01-14 22:49:25.994643
Request method: POST
Request URL: https://playground.learnqa.ru/api/user/
Request data: {'username': 'learnqa', 'password': '123', 'firstName': 'learnqa', 'lastName': 'learnqa', 'email': 'learnqa01142025224925@example.com'}
Request headers: {}
Request cookies: {}

Response code: 200
Response text: {"id":"114926"}
Response headers: {'Date': 'Tue, 14 Jan 2025 19:49:26 GMT', 'Content-Type': 'application/json', 'Content-Length': '15', 'Connection': 'keep-alive', 'Keep-Alive': 'timeout=10', 'Server': 'Apache', 'Cache-Control': 'max-age=0', 'Expires': 'Tue, 14 Jan 2025 19:49:25 GMT'}
Response cookies: {}

-----

-----
Test: tests/test_user_edit.py::TestUserEdit::test_edit_short_fisrt_name_just_created_user_ex17 (call)
Time: 2025-01-14 22:49:26.555167
Request method: POST
Request URL: https://playground.learnqa.ru/api/user/login
Request data: {'email': 'learnqa01142025224925@example.com', 'password': '123'}
Request headers: {}
Request cookies: {}

Response code: 200
Response text: {"user_id":114926}
Response headers: {'Date': 'Tue, 14 Jan 2025 19:49:26 GMT', 'Content-Type': 'application/json', 'Content-Length': '18', 'Connection': 'keep-alive', 'Keep-Alive': 'timeout=10', 'Server': 'Apache', 'Set-Cookie': 'auth_sid=ba9ab8ae0bcd0c9cad4ac4e4bcd24215191d12452b4cd03c18d9db8097f53c25', 'x-csrf-token': '82fc48163dc7a67ae0ad779ccce22275de69e0ad191d12452b4cd03c18d9db8097f53c25', 'Cache-Control': 'max-age=0', 'Expires': 'Tue, 14 Jan 2025 19:49:26 GMT'}
Response cookies: {'auth_sid': 'ba9ab8ae0bcd0c9cad4ac4e4bcd24215191d12452b4cd03c18d9db8097f53c25'}

-----

-----
Test: tests/test_user_edit.py::TestUserEdit::test_edit_short_fisrt_name_just_created_user_ex17 (call)
Time: 2025-01-14 22:49:26.592294
Request method: PUT
Request URL: https://playground.learnqa.ru/api/user/114926
Request data: {'firstName': 'o'}
Request headers: {'x-csrf-token': '82fc48163dc7a67ae0ad779ccce22275de69e0ad191d12452b4cd03c18d9db8097f53c25'}
Request cookies: {'auth_sid': 'ba9ab8ae0bcd0c9cad4ac4e4bcd24215191d12452b4cd03c18d9db8097f53c25'}

Response code: 400
Response text: {"error":"The value for field `firstName` is too short"}
Response headers: {'Date': 'Tue, 14 Jan 2025 19:49:27 GMT', 'Content-Type': 'application/json', 'Content-Length': '56', 'Connection': 'keep-alive', 'Keep-Alive': 'timeout=10', 'Server': 'Apache'}
Response cookies: {}

-----

-----
Test: tests/test_user_get.py::TestUserGet::test_get_user_details_not_auth (call)
Time: 2025-01-14 22:49:27.278159
Request method: GET
Request URL: https://playground.learnqa.ru/api/user/2
Request data: None
Request headers: {}
Request cookies: {}

Response code: 200
Response text: {"username":"Vitaliy"}
Response headers: {'Date': 'Tue, 14 Jan 2025 19:49:27 GMT', 'Content-Type': 'application/json', 'Transfer-Encoding': 'chunked', 'Connection': 'keep-alive', 'Keep-Alive': 'timeout=10', 'Vary': 'Accept-Encoding', 'Server': 'Apache', 'Cache-Control': 'max-age=0', 'Expires': 'Tue, 14 Jan 2025 19:49:27 GMT', 'Content-Encoding': 'gzip'}
Response cookies: {}

-----

-----
Test: tests/test_user_get.py::TestUserGet::test_get_user_details_as_same_user (call)
Time: 2025-01-14 22:49:27.952384
Request method: POST
Request URL: https://playground.learnqa.ru/api/user/login
Request data: {'email': 'vinkotov@example.com', 'password': '1234'}
Request headers: {}
Request cookies: {}

Response code: 200
Response text: {"user_id":2}
Response headers: {'Date': 'Tue, 14 Jan 2025 19:49:27 GMT', 'Content-Type': 'application/json', 'Content-Length': '13', 'Connection': 'keep-alive', 'Keep-Alive': 'timeout=10', 'Server': 'Apache', 'Set-Cookie': 'auth_sid=f0adb9982d94292033a74928e1d8daf202e94918f1549272bcf2cafc2634fd9d', 'x-csrf-token': '62e0419464ec86de9a20684f59b75ec5f8de4d1802e94918f1549272bcf2cafc2634fd9d', 'Cache-Control': 'max-age=0', 'Expires': 'Tue, 14 Jan 2025 19:49:27 GMT'}
Response cookies: {'auth_sid': 'f0adb9982d94292033a74928e1d8daf202e94918f1549272bcf2cafc2634fd9d'}

-----

-----
Test: tests/test_user_get.py::TestUserGet::test_get_user_details_as_same_user (call)
Time: 2025-01-14 22:49:27.986420
Request method: GET
Request URL: https://playground.learnqa.ru/api/user/2
Request data: None
Request headers: {'x-csrf-token': '62e0419464ec86de9a20684f59b75ec5f8de4d1802e94918f1549272bcf2cafc2634fd9d'}
Request cookies: {'auth_sid': 'f0adb9982d94292033a74928e1d8daf202e94918f1549272bcf2cafc2634fd9d'}

Response code: 200
Response text: {"id":"2","username":"Vitaliy","email":"vinkotov@example.com","firstName":"Vitalii","lastName":"Kotov"}
Response headers: {'Date': 'Tue, 14 Jan 2025 19:49:28 GMT', 'Content-Type': 'application/json', 'Transfer-Encoding': 'chunked', 'Connection': 'keep-alive', 'Keep-Alive': 'timeout=10', 'Vary': 'Accept-Encoding', 'Server': 'Apache', 'Cache-Control': 'max-age=0', 'Expires': 'Tue, 14 Jan 2025 19:49:27 GMT', 'Content-Encoding': 'gzip'}
Response cookies: {}

-----

-----
Test: tests/test_user_get.py::TestUserGet::test_get_user_details_as_another_user (call)
Time: 2025-01-14 22:49:28.676814
Request method: POST
Request URL: https://playground.learnqa.ru/api/user/login
Request data: {'email': 'vinkotov@example.com', 'password': '1234'}
Request headers: {}
Request cookies: {}

Response code: 200
Response text: {"user_id":2}
Response headers: {'Date': 'Tue, 14 Jan 2025 19:49:28 GMT', 'Content-Type': 'application/json', 'Content-Length': '13', 'Connection': 'keep-alive', 'Keep-Alive': 'timeout=10', 'Server': 'Apache', 'Set-Cookie': 'auth_sid=8408b7b648b53dd3439bd7ee6f5cd15502e94918f1549272bcf2cafc2634fd9d', 'x-csrf-token': 'f9bcc7a1dd07b46cb34e58a45b0f13d0e186d6d902e94918f1549272bcf2cafc2634fd9d', 'Cache-Control': 'max-age=0', 'Expires': 'Tue, 14 Jan 2025 19:49:28 GMT'}
Response cookies: {'auth_sid': '8408b7b648b53dd3439bd7ee6f5cd15502e94918f1549272bcf2cafc2634fd9d'}

-----

-----
Test: tests/test_user_get.py::TestUserGet::test_get_user_details_as_another_user (call)
Time: 2025-01-14 22:49:28.724096
Request method: GET
Request URL: https://playground.learnqa.ru/api/user/1
Request data: None
Request headers: {'x-csrf-token': 'f9bcc7a1dd07b46cb34e58a45b0f13d0e186d6d902e94918f1549272bcf2cafc2634fd9d'}
Request cookies: {'auth_sid': '8408b7b648b53dd3439bd7ee6f5cd15502e94918f1549272bcf2cafc2634fd9d'}

Response code: 200
Response text: {"username":"Lana"}
Response headers: {'Date': 'Tue, 14 Jan 2025 19:49:29 GMT', 'Content-Type': 'application/json', 'Content-Length': '19', 'Connection': 'keep-alive', 'Keep-Alive': 'timeout=10', 'Server': 'Apache', 'Cache-Control': 'max-age=0', 'Expires': 'Tue, 14 Jan 2025 19:49:28 GMT'}
Response cookies: {}

-----

-----
Test: tests/test_user_register.py::TestUserRegister::test_create_user_successfully (call)
Time: 2025-01-14 22:49:29.406736
Request method: POST
Request URL: https://playground.learnqa.ru/api/user/
Request data: {'username': 'learnqa', 'password': '123', 'firstName': 'learnqa', 'lastName': 'learnqa', 'email': 'learnqa01142025224929@example.com'}
Request headers: {}
Request cookies: {}

Response code: 200
Response text: {"id":"114927"}
Response headers: {'Date': 'Tue, 14 Jan 2025 19:49:29 GMT', 'Content-Type': 'application/json', 'Content-Length': '15', 'Connection': 'keep-alive', 'Keep-Alive': 'timeout=10', 'Server': 'Apache', 'Cache-Control': 'max-age=0', 'Expires': 'Tue, 14 Jan 2025 19:49:29 GMT'}
Response cookies: {}

-----

-----
Test: tests/test_user_register.py::TestUserRegister::test_create_user_with_existing_email (call)
Time: 2025-01-14 22:49:29.977944
Request method: POST
Request URL: https://playground.learnqa.ru/api/user/
Request data: {'username': 'learnqa', 'password': '123', 'firstName': 'learnqa', 'lastName': 'learnqa', 'email': 'vinkotov@example.com'}
Request headers: {}
Request cookies: {}

Response code: 400
Response text: Users with email 'vinkotov@example.com' already exists
Response headers: {'Date': 'Tue, 14 Jan 2025 19:49:30 GMT', 'Content-Type': 'text/html; charset=utf-8', 'Content-Length': '54', 'Connection': 'keep-alive', 'Keep-Alive': 'timeout=10', 'Server': 'Apache'}
Response cookies: {}

-----

-----
Test: tests/test_user_register.py::TestUserRegister::test_make_user_with_incorrect_email (call)
Time: 2025-01-14 22:49:30.554725
Request method: POST
Request URL: https://playground.learnqa.ru/api/user/
Request data: {'username': 'learnqa', 'password': 'password', 'firstName': 'learnqa', 'lastName': 'learnqa', 'email': 'learnqa'}
Request headers: {}
Request cookies: {}

Response code: 400
Response text: Invalid email format
Response headers: {'Date': 'Tue, 14 Jan 2025 19:49:30 GMT', 'Content-Type': 'text/html; charset=utf-8', 'Content-Length': '20', 'Connection': 'keep-alive', 'Keep-Alive': 'timeout=10', 'Server': 'Apache'}
Response cookies: {}

-----

-----
Test: tests/test_user_register.py::TestUserRegister::test_make_user_without_field[make_user_empty_fields0] (call)
Time: 2025-01-14 22:49:31.085032
Request method: POST
Request URL: https://playground.learnqa.ru/api/user/
Request data: {'password': 'password', 'firstName': 'learnqa', 'lastName': 'learnqa', 'email': 'learnqa@email.com'}
Request headers: {}
Request cookies: {}

Response code: 400
Response text: The following required params are missed: username
Response headers: {'Date': 'Tue, 14 Jan 2025 19:49:31 GMT', 'Content-Type': 'text/html; charset=utf-8', 'Content-Length': '50', 'Connection': 'keep-alive', 'Keep-Alive': 'timeout=10', 'Server': 'Apache'}
Response cookies: {}

-----

-----
Test: tests/test_user_register.py::TestUserRegister::test_make_user_without_field[make_user_empty_fields1] (call)
Time: 2025-01-14 22:49:31.636958
Request method: POST
Request URL: https://playground.learnqa.ru/api/user/
Request data: {'username': 'learnqa', 'firstName': 'learnqa', 'lastName': 'learnqa', 'email': 'learnqa@email.com'}
Request headers: {}
Request cookies: {}

Response code: 400
Response text: The following required params are missed: password
Response headers: {'Date': 'Tue, 14 Jan 2025 19:49:32 GMT', 'Content-Type': 'text/html; charset=utf-8', 'Content-Length': '50', 'Connection': 'keep-alive', 'Keep-Alive': 'timeout=10', 'Server': 'Apache'}
Response cookies: {}

-----

-----
Test: tests/test_user_register.py::TestUserRegister::test_make_user_without_field[make_user_empty_fields2] (call)
Time: 2025-01-14 22:49:32.190107
Request method: POST
Request URL: https://playground.learnqa.ru/api/user/
Request data: {'username': 'learnqa', 'password': 'password', 'lastName': 'learnqa', 'email': 'learnqa@email.com'}
Request headers: {}
Request cookies: {}

Response code: 400
Response text: The following required params are missed: firstName
Response headers: {'Date': 'Tue, 14 Jan 2025 19:49:32 GMT', 'Content-Type': 'text/html; charset=utf-8', 'Content-Length': '51', 'Connection': 'keep-alive', 'Keep-Alive': 'timeout=10', 'Server': 'Apache'}
Response cookies: {}

-----

-----
Test: tests/test_user_register.py::TestUserRegister::test_make_user_without_field[make_user_empty_fields3] (call)
Time: 2025-01-14 22:49:32.767848
Request method: POST
Request URL: https://playground.learnqa.ru/api/user/
Request data: {'username': 'learnqa', 'password': 'password', 'firstName': 'learnqa', 'email': 'learnqa@email.com'}
Request headers: {}
Request cookies: {}

Response code: 400
Response text: The following required params are missed: lastName
Response headers: {'Date': 'Tue, 14 Jan 2025 19:49:33 GMT', 'Content-Type': 'text/html; charset=utf-8', 'Content-Length': '50', 'Connection': 'keep-alive', 'Keep-Alive': 'timeout=10', 'Server': 'Apache'}
Response cookies: {}

-----

-----
Test: tests/test_user_register.py::TestUserRegister::test_make_user_without_field[make_user_empty_fields4] (call)
Time: 2025-01-14 22:49:33.328922
Request method: POST
Request URL: https://playground.learnqa.ru/api/user/
Request data: {'username': 'learnqa', 'password': 'password', 'firstName': 'learnqa', 'lastName': 'learnqa'}
Request headers: {}
Request cookies: {}

Response code: 400
Response text: The following required params are missed: email
Response headers: {'Date': 'Tue, 14 Jan 2025 19:49:33 GMT', 'Content-Type': 'text/html; charset=utf-8', 'Content-Length': '47', 'Connection': 'keep-alive', 'Keep-Alive': 'timeout=10', 'Server': 'Apache'}
Response cookies: {}

-----

-----
Test: tests/test_user_register.py::TestUserRegister::test_make_user_with_short_username (call)
Time: 2025-01-14 22:49:33.879194
Request method: POST
Request URL: https://playground.learnqa.ru/api/user/
Request data: {'username': '7', 'password': 'password', 'firstName': 'learnqa', 'lastName': 'learnqa', 'email': 'learnqa'}
Request headers: {}
Request cookies: {}

Response code: 400
Response text: The value of 'username' field is too short
Response headers: {'Date': 'Tue, 14 Jan 2025 19:49:34 GMT', 'Content-Type': 'text/html; charset=utf-8', 'Content-Length': '42', 'Connection': 'keep-alive', 'Keep-Alive': 'timeout=10', 'Server': 'Apache'}
Response cookies: {}

-----

-----
Test: tests/test_user_register.py::TestUserRegister::test_make_user_with_long_username (call)
Time: 2025-01-14 22:49:34.422427
Request method: POST
Request URL: https://playground.learnqa.ru/api/user/
Request data: {'username': 'u3BqXe4un8Z2WqDD7rzlFzPnlLNx6GHnExrPfpkNL54omI4Zq5Q52r7iZjrXXzliXD4eHHE7FDhENLX6dAL17MMHLBEHr1PTbQ4DKU86ZE69ej2oFy17BJJRq0s5j4NCtqsZpfuHjDTEULXTOo0ubkofXmtL8SAts6SIOnVAX7gujNoBmcJwV6sZ1biKfVnvlRkyjvUKhZrp1QtillCm4x7F7P5rcEF0bdNc1qkI3b5zWaMUSjdeIX9c1WdBjvU5Ptaua0wQZqwqJANbJkEo1yzic7Xx1tM4090cHIcVFfFM', 'password': 'password', 'firstName': 'learnqa', 'lastName': 'learnqa', 'email': 'learnqa'}
Request headers: {}
Request cookies: {}

Response code: 400
Response text: The value of 'username' field is too long
Response headers: {'Date': 'Tue, 14 Jan 2025 19:49:34 GMT', 'Content-Type': 'text/html; charset=utf-8', 'Content-Length': '41', 'Connection': 'keep-alive', 'Keep-Alive': 'timeout=10', 'Server': 'Apache'}
Response cookies: {}

-----
